<?xml version="1.0" encoding="UTF-8"?>
<testsuite name="registrar usuario" tests="1" skipped="0" failures="0" errors="0" timestamp="2021-01-28T21:22:38" hostname="ANDRESGALLEGO" time="125.604">
  <properties/>
  <testcase name="Completar exitosamente un registro" classname="registrar usuario" time="125.604"/>
  <system-out><![CDATA[





















































]]></system-out>
  <system-err><![CDATA[ene. 28, 2021 4:22:39 P. M. org.openqa.selenium.remote.DesiredCapabilities chrome
INFO: Using `new ChromeOptions()` is preferred to `DesiredCapabilities.chrome()`
Starting ChromeDriver 87.0.4280.88 (89e2380a3e36c3464b5dd1302349b1382549290d-refs/branch-heads/4280@{#1761}) on port 44097
Only local connections are allowed.
Please see https://chromedriver.chromium.org/security-considerations for suggestions on keeping ChromeDriver safe.
ChromeDriver was started successfully.
ene. 28, 2021 4:22:43 P. M. org.openqa.selenium.remote.ProtocolHandshake createSession
INFO: Detected dialect: W3C
]]></system-err>
</testsuite>
